<?xml version="1.0" encoding="UTF-8"?>
<testsuite name="ru.clevertec.check.service.DiscountCardServiceTest" tests="1" skipped="0" failures="0" errors="0" timestamp="2024-07-23T20:59:56" hostname="€‚ЂЌ" time="0.84">
  <properties/>
  <testcase name="shouldFindCardByNumber()" classname="ru.clevertec.check.service.DiscountCardServiceTest" time="0.84"/>
  <system-out><![CDATA[]]></system-out>
  <system-err><![CDATA[WARNING: A Java agent has been loaded dynamically (C:\Users\user\.gradle\caches\modules-2\files-2.1\net.bytebuddy\byte-buddy-agent\1.14.15\b4cc9d88d5de562bf75b3a54ab436ad01b3f72d\byte-buddy-agent-1.14.15.jar)
WARNING: If a serviceability tool is in use, please run with -XX:+EnableDynamicAgentLoading to hide this warning
WARNING: If a serviceability tool is not in use, please run with -Djdk.instrument.traceUsage for more information
WARNING: Dynamic loading of agents will be disallowed by default in a future release
]]></system-err>
</testsuite>
