<?xml version="1.0" encoding="UTF-8"?>
<testsuite name="ru.clevertec.check.dao.DiscountCardDaoTest" tests="5" skipped="0" failures="0" errors="0" timestamp="2024-07-20T22:04:09" hostname="€‚ЂЌ" time="0.024">
  <properties/>
  <testcase name="delete()" classname="ru.clevertec.check.dao.DiscountCardDaoTest" time="0.014"/>
  <testcase name="update()" classname="ru.clevertec.check.dao.DiscountCardDaoTest" time="0.001"/>
  <testcase name="findById()" classname="ru.clevertec.check.dao.DiscountCardDaoTest" time="0.001"/>
  <testcase name="save()" classname="ru.clevertec.check.dao.DiscountCardDaoTest" time="0.001"/>
  <testcase name="findByNumber()" classname="ru.clevertec.check.dao.DiscountCardDaoTest" time="0.003"/>
  <system-out><![CDATA[]]></system-out>
  <system-err><![CDATA[]]></system-err>
</testsuite>
